\BOOKMARK [1][-]{section.1}{Introduction}{}% 1
\BOOKMARK [1][-]{section.2}{Mathematic description of problem}{}% 2
\BOOKMARK [1][-]{section.3}{Description of Algorithms}{}% 3
\BOOKMARK [2][-]{subsection.3.1}{Left-To-Right algorithm}{section.3}% 4
\BOOKMARK [2][-]{subsection.3.2}{Snake algorithm}{section.3}% 5
\BOOKMARK [2][-]{subsection.3.3}{Edge Following algorithm}{section.3}% 6
\BOOKMARK [2][-]{subsection.3.4}{Greedy algorithm}{section.3}% 7
\BOOKMARK [3][-]{subsubsection.3.4.1}{Greedy adjacent points modification}{subsection.3.4}% 8
\BOOKMARK [3][-]{subsubsection.3.4.2}{Greedy neighbour searching modification}{subsection.3.4}% 9
\BOOKMARK [3][-]{subsubsection.3.4.3}{Greedy parameters}{subsection.3.4}% 10
\BOOKMARK [3][-]{subsubsection.3.4.4}{Greedy procedure}{subsection.3.4}% 11
\BOOKMARK [2][-]{subsection.3.5}{Two Opt algorithm}{section.3}% 12
\BOOKMARK [3][-]{subsubsection.3.5.1}{Two Opt parameters}{subsection.3.5}% 13
\BOOKMARK [3][-]{subsubsection.3.5.2}{Two Opt procedure}{subsection.3.5}% 14
\BOOKMARK [2][-]{subsection.3.6}{Greedy Two Opt algorithm}{section.3}% 15
\BOOKMARK [2][-]{subsection.3.7}{Harmony Search algorithm}{section.3}% 16
\BOOKMARK [3][-]{subsubsection.3.7.1}{Harmony Search parameters}{subsection.3.7}% 17
\BOOKMARK [3][-]{subsubsection.3.7.2}{Harmony Search procedure}{subsection.3.7}% 18
\BOOKMARK [2][-]{subsection.3.8}{Greedy Harmony algorithm}{section.3}% 19
\BOOKMARK [2][-]{subsection.3.9}{Simulated Annealing algorithm}{section.3}% 20
\BOOKMARK [3][-]{subsubsection.3.9.1}{Simulated Annealing parameters}{subsection.3.9}% 21
\BOOKMARK [3][-]{subsubsection.3.9.2}{Simulated Annealing procedure}{subsection.3.9}% 22
\BOOKMARK [2][-]{subsection.3.10}{Greedy Annealing algorithm}{section.3}% 23
\BOOKMARK [1][-]{section.4}{Experiments}{}% 24
\BOOKMARK [2][-]{subsection.4.1}{Environment}{section.4}% 25
\BOOKMARK [2][-]{subsection.4.2}{Test layers}{section.4}% 26
\BOOKMARK [2][-]{subsection.4.3}{Methodology}{section.4}% 27
\BOOKMARK [1][-]{section.5}{Results}{}% 28
\BOOKMARK [1][-]{section.6}{Conclusion}{}% 29
\BOOKMARK [1][-]{section.7}{Own contribution}{}% 30
